0
-999999999
19890
-999999999
19890
999999999
0
4460
25066
4460
25066
999999999
0
25066
1
1
999999999
999999999
1
11767
27427
11767
19890
11767
1
1
1
17015
27960
25066
0
11767
27960
27960
19890
8514
1
1
27960
14594
8514
30841
1
14594
1
22808
999999999
11767
1
6080
14594
18432
26236
6080
0
8514
26807
14557
22007
1756
0
6080
6080
1
18432
1756
1
23830
1
7624
30169
1756
1
14557
2827
7624
6080
18432
1
22808
22808
11148
11089
26807
1
19890
3258
11148
11089
30169
0
17912
18432
31270
22587
20988
0
19890
19495
30169
15229
6080
0
9644
26236
14557
13735
26236
1
26373
1756
22007
17912
26236
0
235
26373
27357
8529
8529
                      15229 16165 17912 19495 19890 20988 21978 22007 22587          
1
3069
31270
2827
30169
16165
0
31270
6917
235
25403
30169
0
8529
9644
16774
4863
20817
1
13924
9644
1674
19495
9311
1
13924
26799
9644
19890
26236
1
20817
9644
17912
24011
14199
0
27357
20817
4863
8529
26236
0
1674
24011
1674
24011
17912
1
25113
235
30309
11148
30309
1
2035
4931
4931
27357
31991
0
26250
12348
6917
8529
2035
0
16165
8529
235
9311
17912
1
16774
15229
12348
21640
16540
1
24011
24011
970
27357
27313
1
15681
15229
6917
31938
19495
1
15681
24011
6108
4448
2209
1
11706
3258
18425
16540
6080
1
9644
5073
3258
16540
31537
1
19110
322
3258
21978
4227
1
235
24011
27590
10491
18425
         2827 3069 3258 4227 4931 5073 6080 6108 6917 7071 8102 8529 9644 10491 11148 13144 13161 13448 13500 13735 13877 13924 14135 14199 15229 15267 15681 16165 16540 16774 17912 18425 18715 18763 19110 19495 19890 20348 20692 20817 21628 21640 21978 22007 22203 22220 22587 22808 23399 24011 26250 26373 26424 26799 27144 27313 27357 27590 28761 29255 29312 29817 29939 30181 30309      
1
1
15681
9644
20692
4227
1
2209
31777
16165
9644
19495
1
10491
8529
16774
5073
16446
1
1674
8191
22007
28488
6917
1
29341
14199
14199
21978
13877
1
3258
28761
235
29255
5934
1
23595
16774
29817
15681
27144
1
7071
3069
8753
3258
19110
1
16774
2209
21640
8102
30920
1
4931
25245
3258
22808
13097
1
9810
15267
10491
20692
20348
1
6917
15075
19928
16446
4859
1
13735
20348
17912
14927
7071
0
8753
7244
5073
25245
13500
1
970
8753
15075
13097
31537
1
10628
25245
20962
22808
24011
0
25245
13500
20348
23399
28488
0
22808
18763
23399
1494
13374
0
13374
4311
29817
17844
30181
1
30483
28499
11303
2209
9644
                        6080 6108 6353 6361 6917 7244 8012 8102 8191 8331 8529 8753 8936 9054 9644 9810 9969 10027 10330 10628 11303 12564 13097 13144 13161 13374 13500 13735 13877 13924 14135 14199 14342 14733                                                             
0
30483
3746
16774
25245
32638
1
11303
26424
3258
9644
488
1
7244
13097
1
31991
2475
1
23854
15681
30483
23564
25245
1
24333
6361
20348
3258
16446
1
3069
28499
4227
12564
25245
1
29341
25245
235
26250
18715
1
5692
1712
24362
17844
8529
1
6361
15267
13735
5692
9810
0
11825
28914
18763
20692
27144
1
15569
19495
24011
21475
1207
0
31272
18763
17127
8000
28488
1
20962
17912
27590
7352
29561
0
18763
13924
26424
8753
3069
1
9054
29341
14199
7244
22418
1
6108
31537
8753
32626
29870
1
22437
25245
21640
12189
19930
1
7244
9644
1712
7352
20692
1
6558
17221
25245
13735
19930
1
4859
17912
30483
13735
15229
                                                                                                                           25112 25245                                 
1
17221
22220
18763
20692
23564
0
20038
31537
24011
14927
19930
1
30483
27748
7352
21475
13144
1
10650
22007
4311
30830
17127
0
15681
22437
30920
26373
32626
1
31515
10650
24011
14148
31938
0
23889
26250
17912
13144
5692
1
31991
18715
31515
5692
16407
1
-999999999
5073
10650
32626
10337
1
7721
31991
14342
10337
19768
0
29083
24530
17912
13144
18314
1
2124
2124
3329
26250
1674
1
10487
20038
14733
13500
27313
0
4311
16446
17221
3746
27313
1
28499
22220
23564
11705
6558
1
30277
26424
18715
25709
21475
1
18507
18715
9225
8102
19768
1
27748
31272
17221
25112
23854
1
18715
31272
6108
22203
6731
1
24530
23564
2312
29561
